{"uid":"739b6401833c5348","name":"testcast1:搜索selenium","fullName":"testcase.Test_Addbirth.Testearch#test_case1","historyId":"8122833d2b0dd4808325938ba952a4e5","time":{"start":1705237275171,"stop":1705237275171,"duration":0},"description":"进入百度首页，测试百度搜索框功能，输入内容为selenium","descriptionHtml":"<p>进入百度首页，测试百度搜索框功能，输入内容为selenium</p>\n","status":"broken","statusMessage":"selenium.common.exceptions.SessionNotCreatedException: Message: session not created: This version of ChromeDriver only supports Chrome version 107\nCurrent browser version is 120.0.6099.217 with binary path C:\\Program Files\\Google\\Chrome\\Application\\chrome.exe\nStacktrace:\nBacktrace:\n\tOrdinal0 [0x00C68CE3+2067683]\n\tOrdinal0 [0x00BFCBC1+1625025]\n\tOrdinal0 [0x00AFB7CD+571341]\n\tOrdinal0 [0x00B1DFED+712685]\n\tOrdinal0 [0x00B19286+692870]\n\tOrdinal0 [0x00B16BF9+683001]\n\tOrdinal0 [0x00B4DBF6+908278]\n\tOrdinal0 [0x00B4D6CA+906954]\n\tOrdinal0 [0x00B47156+880982]\n\tOrdinal0 [0x00B1FF1D+720669]\n\tOrdinal0 [0x00B20F5F+724831]\n\tGetHandleVerifier [0x00F1F162+2771330]\n\tGetHandleVerifier [0x00F11145+2713957]\n\tGetHandleVerifier [0x00CFCC0A+533546]\n\tGetHandleVerifier [0x00CFB970+528784]\n\tOrdinal0 [0x00C04F4C+1658700]\n\tOrdinal0 [0x00C098B8+1677496]\n\tOrdinal0 [0x00C099A5+1677733]\n\tOrdinal0 [0x00C14CC4+1723588]\n\tBaseThreadInitThunk [0x75267BA9+25]\n\tRtlInitializeExceptionChain [0x7765BD2B+107]\n\tRtlClearBits [0x7765BCAF+191]","statusTrace":"self = <class 'testcase.Test_Addbirth.Testearch'>\n\n    def setup_class(self):      #启动浏览器\n>       self.baidu_search = addbirthforth()    #初始化页面，自定义baidu_search页面\n\ntestcase\\Test_Addbirth.py:9: \n_ _ _ _ _ _ _ _ _ _ _ _ _ _ _ _ _ _ _ _ _ _ _ _ _ _ _ _ _ _ _ _ _ _ _ _ _ _ _ _\npage\\AddBitrhfourth.py:13: in __init__\n    driver = webdriver.Chrome()       #初始化浏览器为谷歌浏览器\nvenv\\lib\\site-packages\\selenium\\webdriver\\chrome\\webdriver.py:84: in __init__\n    super().__init__(\nvenv\\lib\\site-packages\\selenium\\webdriver\\chromium\\webdriver.py:104: in __init__\n    super().__init__(\nvenv\\lib\\site-packages\\selenium\\webdriver\\remote\\webdriver.py:286: in __init__\n    self.start_session(capabilities, browser_profile)\nvenv\\lib\\site-packages\\selenium\\webdriver\\remote\\webdriver.py:378: in start_session\n    response = self.execute(Command.NEW_SESSION, parameters)\nvenv\\lib\\site-packages\\selenium\\webdriver\\remote\\webdriver.py:440: in execute\n    self.error_handler.check_response(response)\n_ _ _ _ _ _ _ _ _ _ _ _ _ _ _ _ _ _ _ _ _ _ _ _ _ _ _ _ _ _ _ _ _ _ _ _ _ _ _ _\n\nself = <selenium.webdriver.remote.errorhandler.ErrorHandler object at 0x000002B50D449610>\nresponse = {'status': 500, 'value': '{\"value\":{\"error\":\"session not created\",\"message\":\"session not created: This version of Chro...dInitThunk [0x75267BA9+25]\\\\n\\\\tRtlInitializeExceptionChain [0x7765BD2B+107]\\\\n\\\\tRtlClearBits [0x7765BCAF+191]\\\\n\"}}'}\n\n    def check_response(self, response: Dict[str, Any]) -> None:\n        \"\"\"Checks that a JSON response from the WebDriver does not have an\n        error.\n    \n        :Args:\n         - response - The JSON response from the WebDriver server as a dictionary\n           object.\n    \n        :Raises: If the response contains an error message.\n        \"\"\"\n        status = response.get(\"status\", None)\n        if not status or status == ErrorCode.SUCCESS:\n            return\n        value = None\n        message = response.get(\"message\", \"\")\n        screen: str = response.get(\"screen\", \"\")\n        stacktrace = None\n        if isinstance(status, int):\n            value_json = response.get(\"value\", None)\n            if value_json and isinstance(value_json, str):\n                import json\n    \n                try:\n                    value = json.loads(value_json)\n                    if len(value) == 1:\n                        value = value[\"value\"]\n                    status = value.get(\"error\", None)\n                    if not status:\n                        status = value.get(\"status\", ErrorCode.UNKNOWN_ERROR)\n                        message = value.get(\"value\") or value.get(\"message\")\n                        if not isinstance(message, str):\n                            value = message\n                            message = message.get(\"message\")\n                    else:\n                        message = value.get(\"message\", None)\n                except ValueError:\n                    pass\n    \n        exception_class: Type[WebDriverException]\n        if status in ErrorCode.NO_SUCH_ELEMENT:\n            exception_class = NoSuchElementException\n        elif status in ErrorCode.NO_SUCH_FRAME:\n            exception_class = NoSuchFrameException\n        elif status in ErrorCode.NO_SUCH_SHADOW_ROOT:\n            exception_class = NoSuchShadowRootException\n        elif status in ErrorCode.NO_SUCH_WINDOW:\n            exception_class = NoSuchWindowException\n        elif status in ErrorCode.STALE_ELEMENT_REFERENCE:\n            exception_class = StaleElementReferenceException\n        elif status in ErrorCode.ELEMENT_NOT_VISIBLE:\n            exception_class = ElementNotVisibleException\n        elif status in ErrorCode.INVALID_ELEMENT_STATE:\n            exception_class = InvalidElementStateException\n        elif (\n            status in ErrorCode.INVALID_SELECTOR\n            or status in ErrorCode.INVALID_XPATH_SELECTOR\n            or status in ErrorCode.INVALID_XPATH_SELECTOR_RETURN_TYPER\n        ):\n            exception_class = InvalidSelectorException\n        elif status in ErrorCode.ELEMENT_IS_NOT_SELECTABLE:\n            exception_class = ElementNotSelectableException\n        elif status in ErrorCode.ELEMENT_NOT_INTERACTABLE:\n            exception_class = ElementNotInteractableException\n        elif status in ErrorCode.INVALID_COOKIE_DOMAIN:\n            exception_class = InvalidCookieDomainException\n        elif status in ErrorCode.UNABLE_TO_SET_COOKIE:\n            exception_class = UnableToSetCookieException\n        elif status in ErrorCode.TIMEOUT:\n            exception_class = TimeoutException\n        elif status in ErrorCode.SCRIPT_TIMEOUT:\n            exception_class = TimeoutException\n        elif status in ErrorCode.UNKNOWN_ERROR:\n            exception_class = WebDriverException\n        elif status in ErrorCode.UNEXPECTED_ALERT_OPEN:\n            exception_class = UnexpectedAlertPresentException\n        elif status in ErrorCode.NO_ALERT_OPEN:\n            exception_class = NoAlertPresentException\n        elif status in ErrorCode.IME_NOT_AVAILABLE:\n            exception_class = ImeNotAvailableException\n        elif status in ErrorCode.IME_ENGINE_ACTIVATION_FAILED:\n            exception_class = ImeActivationFailedException\n        elif status in ErrorCode.MOVE_TARGET_OUT_OF_BOUNDS:\n            exception_class = MoveTargetOutOfBoundsException\n        elif status in ErrorCode.JAVASCRIPT_ERROR:\n            exception_class = JavascriptException\n        elif status in ErrorCode.SESSION_NOT_CREATED:\n            exception_class = SessionNotCreatedException\n        elif status in ErrorCode.INVALID_ARGUMENT:\n            exception_class = InvalidArgumentException\n        elif status in ErrorCode.NO_SUCH_COOKIE:\n            exception_class = NoSuchCookieException\n        elif status in ErrorCode.UNABLE_TO_CAPTURE_SCREEN:\n            exception_class = ScreenshotException\n        elif status in ErrorCode.ELEMENT_CLICK_INTERCEPTED:\n            exception_class = ElementClickInterceptedException\n        elif status in ErrorCode.INSECURE_CERTIFICATE:\n            exception_class = InsecureCertificateException\n        elif status in ErrorCode.INVALID_COORDINATES:\n            exception_class = InvalidCoordinatesException\n        elif status in ErrorCode.INVALID_SESSION_ID:\n            exception_class = InvalidSessionIdException\n        elif status in ErrorCode.UNKNOWN_METHOD:\n            exception_class = UnknownMethodException\n        else:\n            exception_class = WebDriverException\n        if not value:\n            value = response[\"value\"]\n        if isinstance(value, str):\n            raise exception_class(value)\n        if message == \"\" and \"message\" in value:\n            message = value[\"message\"]\n    \n        screen = None  # type: ignore[assignment]\n        if \"screen\" in value:\n            screen = value[\"screen\"]\n    \n        stacktrace = None\n        st_value = value.get(\"stackTrace\") or value.get(\"stacktrace\")\n        if st_value:\n            if isinstance(st_value, str):\n                stacktrace = st_value.split(\"\\n\")\n            else:\n                stacktrace = []\n                try:\n                    for frame in st_value:\n                        line = frame.get(\"lineNumber\", \"\")\n                        file = frame.get(\"fileName\", \"<anonymous>\")\n                        if line:\n                            file = f\"{file}:{line}\"\n                        meth = frame.get(\"methodName\", \"<anonymous>\")\n                        if \"className\" in frame:\n                            meth = f\"{frame['className']}.{meth}\"\n                        msg = \"    at %s (%s)\"\n                        msg = msg % (meth, file)\n                        stacktrace.append(msg)\n                except TypeError:\n                    pass\n        if exception_class == UnexpectedAlertPresentException:\n            alert_text = None\n            if \"data\" in value:\n                alert_text = value[\"data\"].get(\"text\")\n            elif \"alert\" in value:\n                alert_text = value[\"alert\"].get(\"text\")\n            raise exception_class(message, screen, stacktrace, alert_text)  # type: ignore[call-arg]  # mypy is not smart enough here\n>       raise exception_class(message, screen, stacktrace)\nE       selenium.common.exceptions.SessionNotCreatedException: Message: session not created: This version of ChromeDriver only supports Chrome version 107\nE       Current browser version is 120.0.6099.217 with binary path C:\\Program Files\\Google\\Chrome\\Application\\chrome.exe\nE       Stacktrace:\nE       Backtrace:\nE       \tOrdinal0 [0x00C68CE3+2067683]\nE       \tOrdinal0 [0x00BFCBC1+1625025]\nE       \tOrdinal0 [0x00AFB7CD+571341]\nE       \tOrdinal0 [0x00B1DFED+712685]\nE       \tOrdinal0 [0x00B19286+692870]\nE       \tOrdinal0 [0x00B16BF9+683001]\nE       \tOrdinal0 [0x00B4DBF6+908278]\nE       \tOrdinal0 [0x00B4D6CA+906954]\nE       \tOrdinal0 [0x00B47156+880982]\nE       \tOrdinal0 [0x00B1FF1D+720669]\nE       \tOrdinal0 [0x00B20F5F+724831]\nE       \tGetHandleVerifier [0x00F1F162+2771330]\nE       \tGetHandleVerifier [0x00F11145+2713957]\nE       \tGetHandleVerifier [0x00CFCC0A+533546]\nE       \tGetHandleVerifier [0x00CFB970+528784]\nE       \tOrdinal0 [0x00C04F4C+1658700]\nE       \tOrdinal0 [0x00C098B8+1677496]\nE       \tOrdinal0 [0x00C099A5+1677733]\nE       \tOrdinal0 [0x00C14CC4+1723588]\nE       \tBaseThreadInitThunk [0x75267BA9+25]\nE       \tRtlInitializeExceptionChain [0x7765BD2B+107]\nE       \tRtlClearBits [0x7765BCAF+191]\n\nvenv\\lib\\site-packages\\selenium\\webdriver\\remote\\errorhandler.py:245: SessionNotCreatedException","flaky":false,"newFailed":false,"newBroken":false,"newPassed":false,"retriesCount":1,"retriesStatusChange":false,"beforeStages":[{"name":"_xunit_setup_class_fixture_Testearch","time":{"start":1705237275173,"stop":1705237280466,"duration":5293},"status":"broken","statusMessage":"selenium.common.exceptions.SessionNotCreatedException: Message: session not created: This version of ChromeDriver only supports Chrome version 107\nCurrent browser version is 120.0.6099.217 with binary path C:\\Program Files\\Google\\Chrome\\Application\\chrome.exe\nStacktrace:\nBacktrace:\n\tOrdinal0 [0x00C68CE3+2067683]\n\tOrdinal0 [0x00BFCBC1+1625025]\n\tOrdinal0 [0x00AFB7CD+571341]\n\tOrdinal0 [0x00B1DFED+712685]\n\tOrdinal0 [0x00B19286+692870]\n\tOrdinal0 [0x00B16BF9+683001]\n\tOrdinal0 [0x00B4DBF6+908278]\n\tOrdinal0 [0x00B4D6CA+906954]\n\tOrdinal0 [0x00B47156+880982]\n\tOrdinal0 [0x00B1FF1D+720669]\n\tOrdinal0 [0x00B20F5F+724831]\n\tGetHandleVerifier [0x00F1F162+2771330]\n\tGetHandleVerifier [0x00F11145+2713957]\n\tGetHandleVerifier [0x00CFCC0A+533546]\n\tGetHandleVerifier [0x00CFB970+528784]\n\tOrdinal0 [0x00C04F4C+1658700]\n\tOrdinal0 [0x00C098B8+1677496]\n\tOrdinal0 [0x00C099A5+1677733]\n\tOrdinal0 [0x00C14CC4+1723588]\n\tBaseThreadInitThunk [0x75267BA9+25]\n\tRtlInitializeExceptionChain [0x7765BD2B+107]\n\tRtlClearBits [0x7765BCAF+191]\n\n","statusTrace":"  File \"E:\\python\\civil\\venv\\lib\\site-packages\\pluggy\\_callers.py\", line 39, in _multicall\n    res = hook_impl.function(*args)\n  File \"E:\\python\\civil\\venv\\lib\\site-packages\\_pytest\\fixtures.py\", line 1130, in pytest_fixture_setup\n    result = call_fixture_func(fixturefunc, request, kwargs)\n  File \"E:\\python\\civil\\venv\\lib\\site-packages\\_pytest\\fixtures.py\", line 902, in call_fixture_func\n    fixture_result = next(generator)\n  File \"E:\\python\\civil\\venv\\lib\\site-packages\\_pytest\\python.py\", line 864, in xunit_setup_class_fixture\n    _call_with_optional_argument(func, self.obj)\n  File \"E:\\python\\civil\\venv\\lib\\site-packages\\_pytest\\python.py\", line 785, in _call_with_optional_argument\n    func(arg)\n  File \"E:\\python\\civil\\testcase\\Test_Addbirth.py\", line 9, in setup_class\n    self.baidu_search = addbirthforth()    #初始化页面，自定义baidu_search页面\n  File \"E:\\python\\civil\\page\\AddBitrhfourth.py\", line 13, in __init__\n    driver = webdriver.Chrome()       #初始化浏览器为谷歌浏览器\n  File \"E:\\python\\civil\\venv\\lib\\site-packages\\selenium\\webdriver\\chrome\\webdriver.py\", line 84, in __init__\n    super().__init__(\n  File \"E:\\python\\civil\\venv\\lib\\site-packages\\selenium\\webdriver\\chromium\\webdriver.py\", line 104, in __init__\n    super().__init__(\n  File \"E:\\python\\civil\\venv\\lib\\site-packages\\selenium\\webdriver\\remote\\webdriver.py\", line 286, in __init__\n    self.start_session(capabilities, browser_profile)\n  File \"E:\\python\\civil\\venv\\lib\\site-packages\\selenium\\webdriver\\remote\\webdriver.py\", line 378, in start_session\n    response = self.execute(Command.NEW_SESSION, parameters)\n  File \"E:\\python\\civil\\venv\\lib\\site-packages\\selenium\\webdriver\\remote\\webdriver.py\", line 440, in execute\n    self.error_handler.check_response(response)\n  File \"E:\\python\\civil\\venv\\lib\\site-packages\\selenium\\webdriver\\remote\\errorhandler.py\", line 245, in check_response\n    raise exception_class(message, screen, stacktrace)\n","steps":[],"attachments":[],"parameters":[],"stepsCount":0,"hasContent":true,"attachmentStep":false,"attachmentsCount":0,"shouldDisplayMessage":true}],"afterStages":[],"labels":[{"name":"feature","value":"百度首页"},{"name":"story","value":"测试百度搜索框，输入为selenium"},{"name":"parentSuite","value":"testcase"},{"name":"suite","value":"Test_Addbirth"},{"name":"subSuite","value":"Testearch"},{"name":"host","value":"DESKTOP-5TJAGBN"},{"name":"thread","value":"15664-MainThread"},{"name":"framework","value":"pytest"},{"name":"language","value":"cpython3"},{"name":"package","value":"testcase.Test_Addbirth"},{"name":"resultFormat","value":"allure2"}],"parameters":[],"links":[],"hidden":false,"retry":false,"extra":{"severity":"normal","retries":[{"uid":"54fea94b2e2cac7f","status":"broken","statusDetails":"selenium.common.exceptions.SessionNotCreatedException: Message: session not created: This version of ChromeDriver only supports Chrome version 107\nCurrent browser version is 113.0.5672.127 with binary path C:\\Program Files\\Google\\Chrome\\Application\\chrome.exe\nStacktrace:\nBacktrace:\n\tOrdinal0 [0x00E28CE3+2067683]\n\tOrdinal0 [0x00DBCBC1+1625025]\n\tOrdinal0 [0x00CBB7CD+571341]\n\tOrdinal0 [0x00CDDFED+712685]\n\tOrdinal0 [0x00CD9286+692870]\n\tOrdinal0 [0x00CD6BF9+683001]\n\tOrdinal0 [0x00D0DBF6+908278]\n\tOrdinal0 [0x00D0D6CA+906954]\n\tOrdinal0 [0x00D07156+880982]\n\tOrdinal0 [0x00CDFF1D+720669]\n\tOrdinal0 [0x00CE0F5F+724831]\n\tGetHandleVerifier [0x010DF162+2771330]\n\tGetHandleVerifier [0x010D1145+2713957]\n\tGetHandleVerifier [0x00EBCC0A+533546]\n\tGetHandleVerifier [0x00EBB970+528784]\n\tOrdinal0 [0x00DC4F4C+1658700]\n\tOrdinal0 [0x00DC98B8+1677496]\n\tOrdinal0 [0x00DC99A5+1677733]\n\tOrdinal0 [0x00DD4CC4+1723588]\n\tBaseThreadInitThunk [0x776C00F9+25]\n\tRtlGetAppContainerNamedObjectPath [0x77E47BBE+286]\n\tRtlGetAppContainerNamedObjectPath [0x77E47B8E+238]","time":{"start":1684669270123,"stop":1684669270123,"duration":0}}],"categories":[{"name":"Test defects","matchedStatuses":[],"flaky":false}],"tags":[]},"source":"739b6401833c5348.json","parameterValues":[]}