{"name": "test_new", "status": "broken", "statusDetails": {"message": "selenium.common.exceptions.NoSuchElementException: Message: no such element: Unable to locate element: {\"method\":\"css selector\",\"selector\":\"[id=\"None\"]\"}\n  (Session info: chrome=120.0.6099.217)\nStacktrace:\n\tGetHandleVerifier [0x00007FF6E7062142+3514994]\n\t(No symbol) [0x00007FF6E6C80CE2]\n\t(No symbol) [0x00007FF6E6B276AA]\n\t(No symbol) [0x00007FF6E6B71860]\n\t(No symbol) [0x00007FF6E6B7197C]\n\t(No symbol) [0x00007FF6E6BB4EE7]\n\t(No symbol) [0x00007FF6E6B9602F]\n\t(No symbol) [0x00007FF6E6BB28F6]\n\t(No symbol) [0x00007FF6E6B95D93]\n\t(No symbol) [0x00007FF6E6B64BDC]\n\t(No symbol) [0x00007FF6E6B65C64]\n\tGetHandleVerifier [0x00007FF6E708E16B+3695259]\n\tGetHandleVerifier [0x00007FF6E70E6737+4057191]\n\tGetHandleVerifier [0x00007FF6E70DE4E3+4023827]\n\tGetHandleVerifier [0x00007FF6E6DB04F9+689705]\n\t(No symbol) [0x00007FF6E6C8C048]\n\t(No symbol) [0x00007FF6E6C88044]\n\t(No symbol) [0x00007FF6E6C881C9]\n\t(No symbol) [0x00007FF6E6C788C4]\n\tBaseThreadInitThunk [0x00007FFB1FAC257D+29]\n\tRtlUserThreadStart [0x00007FFB21B8AA58+40]", "trace": "self = <testcase.TestBaidu.Testearch object at 0x000001CD7F1791F0>\n\n    @allure.story('测试点击跳转')\n    def test_new(self):\n>       self.baidu_search.ele_click()\n\ntestcase\\TestBaidu.py:13: \n_ _ _ _ _ _ _ _ _ _ _ _ _ _ _ _ _ _ _ _ _ _ _ _ _ _ _ _ _ _ _ _ _ _ _ _ _ _ _ _\nBase\\base.py:27: in ele_click\n    self.find_element(*loc).click()\nBase\\base.py:15: in find_element\n    return self.driver.find_element(*loc)\nvenv\\lib\\site-packages\\selenium\\webdriver\\remote\\webdriver.py:831: in find_element\n    return self.execute(Command.FIND_ELEMENT, {\"using\": by, \"value\": value})[\"value\"]\nvenv\\lib\\site-packages\\selenium\\webdriver\\remote\\webdriver.py:440: in execute\n    self.error_handler.check_response(response)\n_ _ _ _ _ _ _ _ _ _ _ _ _ _ _ _ _ _ _ _ _ _ _ _ _ _ _ _ _ _ _ _ _ _ _ _ _ _ _ _\n\nself = <selenium.webdriver.remote.errorhandler.ErrorHandler object at 0x000001CD7F179520>\nresponse = {'status': 404, 'value': '{\"value\":{\"error\":\"no such element\",\"message\":\"no such element: Unable to locate element: {\\...07FF6E6C788C4]\\\\n\\\\tBaseThreadInitThunk [0x00007FFB1FAC257D+29]\\\\n\\\\tRtlUserThreadStart [0x00007FFB21B8AA58+40]\\\\n\"}}'}\n\n    def check_response(self, response: Dict[str, Any]) -> None:\n        \"\"\"Checks that a JSON response from the WebDriver does not have an\n        error.\n    \n        :Args:\n         - response - The JSON response from the WebDriver server as a dictionary\n           object.\n    \n        :Raises: If the response contains an error message.\n        \"\"\"\n        status = response.get(\"status\", None)\n        if not status or status == ErrorCode.SUCCESS:\n            return\n        value = None\n        message = response.get(\"message\", \"\")\n        screen: str = response.get(\"screen\", \"\")\n        stacktrace = None\n        if isinstance(status, int):\n            value_json = response.get(\"value\", None)\n            if value_json and isinstance(value_json, str):\n                import json\n    \n                try:\n                    value = json.loads(value_json)\n                    if len(value) == 1:\n                        value = value[\"value\"]\n                    status = value.get(\"error\", None)\n                    if not status:\n                        status = value.get(\"status\", ErrorCode.UNKNOWN_ERROR)\n                        message = value.get(\"value\") or value.get(\"message\")\n                        if not isinstance(message, str):\n                            value = message\n                            message = message.get(\"message\")\n                    else:\n                        message = value.get(\"message\", None)\n                except ValueError:\n                    pass\n    \n        exception_class: Type[WebDriverException]\n        if status in ErrorCode.NO_SUCH_ELEMENT:\n            exception_class = NoSuchElementException\n        elif status in ErrorCode.NO_SUCH_FRAME:\n            exception_class = NoSuchFrameException\n        elif status in ErrorCode.NO_SUCH_SHADOW_ROOT:\n            exception_class = NoSuchShadowRootException\n        elif status in ErrorCode.NO_SUCH_WINDOW:\n            exception_class = NoSuchWindowException\n        elif status in ErrorCode.STALE_ELEMENT_REFERENCE:\n            exception_class = StaleElementReferenceException\n        elif status in ErrorCode.ELEMENT_NOT_VISIBLE:\n            exception_class = ElementNotVisibleException\n        elif status in ErrorCode.INVALID_ELEMENT_STATE:\n            exception_class = InvalidElementStateException\n        elif (\n            status in ErrorCode.INVALID_SELECTOR\n            or status in ErrorCode.INVALID_XPATH_SELECTOR\n            or status in ErrorCode.INVALID_XPATH_SELECTOR_RETURN_TYPER\n        ):\n            exception_class = InvalidSelectorException\n        elif status in ErrorCode.ELEMENT_IS_NOT_SELECTABLE:\n            exception_class = ElementNotSelectableException\n        elif status in ErrorCode.ELEMENT_NOT_INTERACTABLE:\n            exception_class = ElementNotInteractableException\n        elif status in ErrorCode.INVALID_COOKIE_DOMAIN:\n            exception_class = InvalidCookieDomainException\n        elif status in ErrorCode.UNABLE_TO_SET_COOKIE:\n            exception_class = UnableToSetCookieException\n        elif status in ErrorCode.TIMEOUT:\n            exception_class = TimeoutException\n        elif status in ErrorCode.SCRIPT_TIMEOUT:\n            exception_class = TimeoutException\n        elif status in ErrorCode.UNKNOWN_ERROR:\n            exception_class = WebDriverException\n        elif status in ErrorCode.UNEXPECTED_ALERT_OPEN:\n            exception_class = UnexpectedAlertPresentException\n        elif status in ErrorCode.NO_ALERT_OPEN:\n            exception_class = NoAlertPresentException\n        elif status in ErrorCode.IME_NOT_AVAILABLE:\n            exception_class = ImeNotAvailableException\n        elif status in ErrorCode.IME_ENGINE_ACTIVATION_FAILED:\n            exception_class = ImeActivationFailedException\n        elif status in ErrorCode.MOVE_TARGET_OUT_OF_BOUNDS:\n            exception_class = MoveTargetOutOfBoundsException\n        elif status in ErrorCode.JAVASCRIPT_ERROR:\n            exception_class = JavascriptException\n        elif status in ErrorCode.SESSION_NOT_CREATED:\n            exception_class = SessionNotCreatedException\n        elif status in ErrorCode.INVALID_ARGUMENT:\n            exception_class = InvalidArgumentException\n        elif status in ErrorCode.NO_SUCH_COOKIE:\n            exception_class = NoSuchCookieException\n        elif status in ErrorCode.UNABLE_TO_CAPTURE_SCREEN:\n            exception_class = ScreenshotException\n        elif status in ErrorCode.ELEMENT_CLICK_INTERCEPTED:\n            exception_class = ElementClickInterceptedException\n        elif status in ErrorCode.INSECURE_CERTIFICATE:\n            exception_class = InsecureCertificateException\n        elif status in ErrorCode.INVALID_COORDINATES:\n            exception_class = InvalidCoordinatesException\n        elif status in ErrorCode.INVALID_SESSION_ID:\n            exception_class = InvalidSessionIdException\n        elif status in ErrorCode.UNKNOWN_METHOD:\n            exception_class = UnknownMethodException\n        else:\n            exception_class = WebDriverException\n        if not value:\n            value = response[\"value\"]\n        if isinstance(value, str):\n            raise exception_class(value)\n        if message == \"\" and \"message\" in value:\n            message = value[\"message\"]\n    \n        screen = None  # type: ignore[assignment]\n        if \"screen\" in value:\n            screen = value[\"screen\"]\n    \n        stacktrace = None\n        st_value = value.get(\"stackTrace\") or value.get(\"stacktrace\")\n        if st_value:\n            if isinstance(st_value, str):\n                stacktrace = st_value.split(\"\\n\")\n            else:\n                stacktrace = []\n                try:\n                    for frame in st_value:\n                        line = frame.get(\"lineNumber\", \"\")\n                        file = frame.get(\"fileName\", \"<anonymous>\")\n                        if line:\n                            file = f\"{file}:{line}\"\n                        meth = frame.get(\"methodName\", \"<anonymous>\")\n                        if \"className\" in frame:\n                            meth = f\"{frame['className']}.{meth}\"\n                        msg = \"    at %s (%s)\"\n                        msg = msg % (meth, file)\n                        stacktrace.append(msg)\n                except TypeError:\n                    pass\n        if exception_class == UnexpectedAlertPresentException:\n            alert_text = None\n            if \"data\" in value:\n                alert_text = value[\"data\"].get(\"text\")\n            elif \"alert\" in value:\n                alert_text = value[\"alert\"].get(\"text\")\n            raise exception_class(message, screen, stacktrace, alert_text)  # type: ignore[call-arg]  # mypy is not smart enough here\n>       raise exception_class(message, screen, stacktrace)\nE       selenium.common.exceptions.NoSuchElementException: Message: no such element: Unable to locate element: {\"method\":\"css selector\",\"selector\":\"[id=\"None\"]\"}\nE         (Session info: chrome=120.0.6099.217)\nE       Stacktrace:\nE       \tGetHandleVerifier [0x00007FF6E7062142+3514994]\nE       \t(No symbol) [0x00007FF6E6C80CE2]\nE       \t(No symbol) [0x00007FF6E6B276AA]\nE       \t(No symbol) [0x00007FF6E6B71860]\nE       \t(No symbol) [0x00007FF6E6B7197C]\nE       \t(No symbol) [0x00007FF6E6BB4EE7]\nE       \t(No symbol) [0x00007FF6E6B9602F]\nE       \t(No symbol) [0x00007FF6E6BB28F6]\nE       \t(No symbol) [0x00007FF6E6B95D93]\nE       \t(No symbol) [0x00007FF6E6B64BDC]\nE       \t(No symbol) [0x00007FF6E6B65C64]\nE       \tGetHandleVerifier [0x00007FF6E708E16B+3695259]\nE       \tGetHandleVerifier [0x00007FF6E70E6737+4057191]\nE       \tGetHandleVerifier [0x00007FF6E70DE4E3+4023827]\nE       \tGetHandleVerifier [0x00007FF6E6DB04F9+689705]\nE       \t(No symbol) [0x00007FF6E6C8C048]\nE       \t(No symbol) [0x00007FF6E6C88044]\nE       \t(No symbol) [0x00007FF6E6C881C9]\nE       \t(No symbol) [0x00007FF6E6C788C4]\nE       \tBaseThreadInitThunk [0x00007FFB1FAC257D+29]\nE       \tRtlUserThreadStart [0x00007FFB21B8AA58+40]\n\nvenv\\lib\\site-packages\\selenium\\webdriver\\remote\\errorhandler.py:245: NoSuchElementException"}, "start": 1705399127329, "stop": 1705399127345, "uuid": "aacdaf39-3ecf-4782-91dc-daa60fa1a5ea", "historyId": "10081fd0047bef80fc067518c8870684", "testCaseId": "10081fd0047bef80fc067518c8870684", "fullName": "testcase.TestBaidu.Testearch#test_new", "labels": [{"name": "story", "value": "测试点击跳转"}, {"name": "feature", "value": "百度首页"}, {"name": "parentSuite", "value": "testcase"}, {"name": "suite", "value": "TestBaidu"}, {"name": "subSuite", "value": "Testearch"}, {"name": "host", "value": "DESKTOP-5TJAGBN"}, {"name": "thread", "value": "19496-MainThread"}, {"name": "framework", "value": "pytest"}, {"name": "language", "value": "cpython3"}, {"name": "package", "value": "testcase.TestBaidu"}]}